==20563== Memcheck, a memory error detector
==20563== Copyright (C) 2002-2017, and GNU GPL'd, by Julian Seward et al.
==20563== Using Valgrind-3.15.0 and LibVEX; rerun with -h for copyright info
==20563== Command: ./hsh
==20563== Parent PID: 6933
==20563== 
==20564== Syscall param access(pathname) points to unaddressable byte(s)
==20564==    at 0x496213B: access (access.c:27)
==20564==    by 0x109EC1: path_searching (path_searching.c:17)
==20564==    by 0x109359: _execute (_execute.c:31)
==20564==    by 0x109E2F: main (main.c:33)
==20564==  Address 0x0 is not stack'd, malloc'd or (recently) free'd
==20564== 
==20564== 
==20564== HEAP SUMMARY:
==20564==     in use at exit: 8 bytes in 1 blocks
==20564==   total heap usage: 4 allocs, 3 frees, 1,153 bytes allocated
==20564== 
==20564== 8 bytes in 1 blocks are still reachable in loss record 1 of 1
==20564==    at 0x483B7F3: malloc (in /usr/lib/x86_64-linux-gnu/valgrind/vgpreload_memcheck-amd64-linux.so)
==20564==    by 0x10A355: _tokenize (tokenize_input.c:31)
==20564==    by 0x109E0C: main (main.c:29)
==20564== 
==20564== LEAK SUMMARY:
==20564==    definitely lost: 0 bytes in 0 blocks
==20564==    indirectly lost: 0 bytes in 0 blocks
==20564==      possibly lost: 0 bytes in 0 blocks
==20564==    still reachable: 8 bytes in 1 blocks
==20564==         suppressed: 0 bytes in 0 blocks
==20564== 
==20564== For lists of detected and suppressed errors, rerun with: -s
==20564== ERROR SUMMARY: 1 errors from 1 contexts (suppressed: 0 from 0)
==20565== Syscall param access(pathname) points to unaddressable byte(s)
==20565==    at 0x496213B: access (access.c:27)
==20565==    by 0x109EC1: path_searching (path_searching.c:17)
==20565==    by 0x109359: _execute (_execute.c:31)
==20565==    by 0x109E2F: main (main.c:33)
==20565==  Address 0x0 is not stack'd, malloc'd or (recently) free'd
==20565== 
==20565== 
==20565== HEAP SUMMARY:
==20565==     in use at exit: 8 bytes in 1 blocks
==20565==   total heap usage: 7 allocs, 6 frees, 1,282 bytes allocated
==20565== 
==20565== 8 bytes in 1 blocks are still reachable in loss record 1 of 1
==20565==    at 0x483B7F3: malloc (in /usr/lib/x86_64-linux-gnu/valgrind/vgpreload_memcheck-amd64-linux.so)
==20565==    by 0x10A355: _tokenize (tokenize_input.c:31)
==20565==    by 0x109E0C: main (main.c:29)
==20565== 
==20565== LEAK SUMMARY:
==20565==    definitely lost: 0 bytes in 0 blocks
==20565==    indirectly lost: 0 bytes in 0 blocks
==20565==      possibly lost: 0 bytes in 0 blocks
==20565==    still reachable: 8 bytes in 1 blocks
==20565==         suppressed: 0 bytes in 0 blocks
==20565== 
==20565== For lists of detected and suppressed errors, rerun with: -s
==20565== ERROR SUMMARY: 1 errors from 1 contexts (suppressed: 0 from 0)
==20566== Syscall param access(pathname) points to unaddressable byte(s)
==20566==    at 0x496213B: access (access.c:27)
==20566==    by 0x109EC1: path_searching (path_searching.c:17)
==20566==    by 0x109359: _execute (_execute.c:31)
==20566==    by 0x109E2F: main (main.c:33)
==20566==  Address 0x0 is not stack'd, malloc'd or (recently) free'd
==20566== 
==20566== 
==20566== HEAP SUMMARY:
==20566==     in use at exit: 8 bytes in 1 blocks
==20566==   total heap usage: 10 allocs, 9 frees, 1,411 bytes allocated
==20566== 
==20566== 8 bytes in 1 blocks are still reachable in loss record 1 of 1
==20566==    at 0x483B7F3: malloc (in /usr/lib/x86_64-linux-gnu/valgrind/vgpreload_memcheck-amd64-linux.so)
==20566==    by 0x10A355: _tokenize (tokenize_input.c:31)
==20566==    by 0x109E0C: main (main.c:29)
==20566== 
==20566== LEAK SUMMARY:
==20566==    definitely lost: 0 bytes in 0 blocks
==20566==    indirectly lost: 0 bytes in 0 blocks
==20566==      possibly lost: 0 bytes in 0 blocks
==20566==    still reachable: 8 bytes in 1 blocks
==20566==         suppressed: 0 bytes in 0 blocks
==20566== 
==20566== For lists of detected and suppressed errors, rerun with: -s
==20566== ERROR SUMMARY: 1 errors from 1 contexts (suppressed: 0 from 0)
==20567== Syscall param access(pathname) points to unaddressable byte(s)
==20567==    at 0x496213B: access (access.c:27)
==20567==    by 0x109EC1: path_searching (path_searching.c:17)
==20567==    by 0x109359: _execute (_execute.c:31)
==20567==    by 0x109E2F: main (main.c:33)
==20567==  Address 0x0 is not stack'd, malloc'd or (recently) free'd
==20567== 
==20567== 
==20567== HEAP SUMMARY:
==20567==     in use at exit: 8 bytes in 1 blocks
==20567==   total heap usage: 13 allocs, 12 frees, 1,540 bytes allocated
==20567== 
==20567== 8 bytes in 1 blocks are still reachable in loss record 1 of 1
==20567==    at 0x483B7F3: malloc (in /usr/lib/x86_64-linux-gnu/valgrind/vgpreload_memcheck-amd64-linux.so)
==20567==    by 0x10A355: _tokenize (tokenize_input.c:31)
==20567==    by 0x109E0C: main (main.c:29)
==20567== 
==20567== LEAK SUMMARY:
==20567==    definitely lost: 0 bytes in 0 blocks
==20567==    indirectly lost: 0 bytes in 0 blocks
==20567==      possibly lost: 0 bytes in 0 blocks
==20567==    still reachable: 8 bytes in 1 blocks
==20567==         suppressed: 0 bytes in 0 blocks
==20567== 
==20567== For lists of detected and suppressed errors, rerun with: -s
==20567== ERROR SUMMARY: 1 errors from 1 contexts (suppressed: 0 from 0)
==20568== Syscall param access(pathname) points to unaddressable byte(s)
==20568==    at 0x496213B: access (access.c:27)
==20568==    by 0x109EC1: path_searching (path_searching.c:17)
==20568==    by 0x109359: _execute (_execute.c:31)
==20568==    by 0x109E2F: main (main.c:33)
==20568==  Address 0x0 is not stack'd, malloc'd or (recently) free'd
==20568== 
==20568== 
==20568== HEAP SUMMARY:
==20568==     in use at exit: 8 bytes in 1 blocks
==20568==   total heap usage: 16 allocs, 15 frees, 1,669 bytes allocated
==20568== 
==20568== 8 bytes in 1 blocks are still reachable in loss record 1 of 1
==20568==    at 0x483B7F3: malloc (in /usr/lib/x86_64-linux-gnu/valgrind/vgpreload_memcheck-amd64-linux.so)
==20568==    by 0x10A355: _tokenize (tokenize_input.c:31)
==20568==    by 0x109E0C: main (main.c:29)
==20568== 
==20568== LEAK SUMMARY:
==20568==    definitely lost: 0 bytes in 0 blocks
==20568==    indirectly lost: 0 bytes in 0 blocks
==20568==      possibly lost: 0 bytes in 0 blocks
==20568==    still reachable: 8 bytes in 1 blocks
==20568==         suppressed: 0 bytes in 0 blocks
==20568== 
==20568== For lists of detected and suppressed errors, rerun with: -s
==20568== ERROR SUMMARY: 1 errors from 1 contexts (suppressed: 0 from 0)
==20569== Syscall param access(pathname) points to unaddressable byte(s)
==20569==    at 0x496213B: access (access.c:27)
==20569==    by 0x109EC1: path_searching (path_searching.c:17)
==20569==    by 0x109359: _execute (_execute.c:31)
==20569==    by 0x109E2F: main (main.c:33)
==20569==  Address 0x0 is not stack'd, malloc'd or (recently) free'd
==20569== 
==20569== 
==20569== HEAP SUMMARY:
==20569==     in use at exit: 8 bytes in 1 blocks
==20569==   total heap usage: 19 allocs, 18 frees, 1,798 bytes allocated
==20569== 
==20569== 8 bytes in 1 blocks are still reachable in loss record 1 of 1
==20569==    at 0x483B7F3: malloc (in /usr/lib/x86_64-linux-gnu/valgrind/vgpreload_memcheck-amd64-linux.so)
==20569==    by 0x10A355: _tokenize (tokenize_input.c:31)
==20569==    by 0x109E0C: main (main.c:29)
==20569== 
==20569== LEAK SUMMARY:
==20569==    definitely lost: 0 bytes in 0 blocks
==20569==    indirectly lost: 0 bytes in 0 blocks
==20569==      possibly lost: 0 bytes in 0 blocks
==20569==    still reachable: 8 bytes in 1 blocks
==20569==         suppressed: 0 bytes in 0 blocks
==20569== 
==20569== For lists of detected and suppressed errors, rerun with: -s
==20569== ERROR SUMMARY: 1 errors from 1 contexts (suppressed: 0 from 0)
==20570== Syscall param access(pathname) points to unaddressable byte(s)
==20570==    at 0x496213B: access (access.c:27)
==20570==    by 0x109EC1: path_searching (path_searching.c:17)
==20570==    by 0x109359: _execute (_execute.c:31)
==20570==    by 0x109E2F: main (main.c:33)
==20570==  Address 0x0 is not stack'd, malloc'd or (recently) free'd
==20570== 
==20570== 
==20570== HEAP SUMMARY:
==20570==     in use at exit: 8 bytes in 1 blocks
==20570==   total heap usage: 22 allocs, 21 frees, 1,927 bytes allocated
==20570== 
==20570== 8 bytes in 1 blocks are still reachable in loss record 1 of 1
==20570==    at 0x483B7F3: malloc (in /usr/lib/x86_64-linux-gnu/valgrind/vgpreload_memcheck-amd64-linux.so)
==20570==    by 0x10A355: _tokenize (tokenize_input.c:31)
==20570==    by 0x109E0C: main (main.c:29)
==20570== 
==20570== LEAK SUMMARY:
==20570==    definitely lost: 0 bytes in 0 blocks
==20570==    indirectly lost: 0 bytes in 0 blocks
==20570==      possibly lost: 0 bytes in 0 blocks
==20570==    still reachable: 8 bytes in 1 blocks
==20570==         suppressed: 0 bytes in 0 blocks
==20570== 
==20570== For lists of detected and suppressed errors, rerun with: -s
==20570== ERROR SUMMARY: 1 errors from 1 contexts (suppressed: 0 from 0)
==20571== Syscall param access(pathname) points to unaddressable byte(s)
==20571==    at 0x496213B: access (access.c:27)
==20571==    by 0x109EC1: path_searching (path_searching.c:17)
==20571==    by 0x109359: _execute (_execute.c:31)
==20571==    by 0x109E2F: main (main.c:33)
==20571==  Address 0x0 is not stack'd, malloc'd or (recently) free'd
==20571== 
==20571== 
==20571== HEAP SUMMARY:
==20571==     in use at exit: 8 bytes in 1 blocks
==20571==   total heap usage: 25 allocs, 24 frees, 2,056 bytes allocated
==20571== 
==20571== 8 bytes in 1 blocks are still reachable in loss record 1 of 1
==20571==    at 0x483B7F3: malloc (in /usr/lib/x86_64-linux-gnu/valgrind/vgpreload_memcheck-amd64-linux.so)
==20571==    by 0x10A355: _tokenize (tokenize_input.c:31)
==20571==    by 0x109E0C: main (main.c:29)
==20571== 
==20571== LEAK SUMMARY:
==20571==    definitely lost: 0 bytes in 0 blocks
==20571==    indirectly lost: 0 bytes in 0 blocks
==20571==      possibly lost: 0 bytes in 0 blocks
==20571==    still reachable: 8 bytes in 1 blocks
==20571==         suppressed: 0 bytes in 0 blocks
==20571== 
==20571== For lists of detected and suppressed errors, rerun with: -s
==20571== ERROR SUMMARY: 1 errors from 1 contexts (suppressed: 0 from 0)
==20572== Syscall param access(pathname) points to unaddressable byte(s)
==20572==    at 0x496213B: access (access.c:27)
==20572==    by 0x109EC1: path_searching (path_searching.c:17)
==20572==    by 0x109359: _execute (_execute.c:31)
==20572==    by 0x109E2F: main (main.c:33)
==20572==  Address 0x0 is not stack'd, malloc'd or (recently) free'd
==20572== 
==20572== 
==20572== HEAP SUMMARY:
==20572==     in use at exit: 8 bytes in 1 blocks
==20572==   total heap usage: 28 allocs, 27 frees, 2,185 bytes allocated
==20572== 
==20572== 8 bytes in 1 blocks are still reachable in loss record 1 of 1
==20572==    at 0x483B7F3: malloc (in /usr/lib/x86_64-linux-gnu/valgrind/vgpreload_memcheck-amd64-linux.so)
==20572==    by 0x10A355: _tokenize (tokenize_input.c:31)
==20572==    by 0x109E0C: main (main.c:29)
==20572== 
==20572== LEAK SUMMARY:
==20572==    definitely lost: 0 bytes in 0 blocks
==20572==    indirectly lost: 0 bytes in 0 blocks
==20572==      possibly lost: 0 bytes in 0 blocks
==20572==    still reachable: 8 bytes in 1 blocks
==20572==         suppressed: 0 bytes in 0 blocks
==20572== 
==20572== For lists of detected and suppressed errors, rerun with: -s
==20572== ERROR SUMMARY: 1 errors from 1 contexts (suppressed: 0 from 0)
==20573== Syscall param access(pathname) points to unaddressable byte(s)
==20573==    at 0x496213B: access (access.c:27)
==20573==    by 0x109EC1: path_searching (path_searching.c:17)
==20573==    by 0x109359: _execute (_execute.c:31)
==20573==    by 0x109E2F: main (main.c:33)
==20573==  Address 0x0 is not stack'd, malloc'd or (recently) free'd
==20573== 
==20573== 
==20573== HEAP SUMMARY:
==20573==     in use at exit: 8 bytes in 1 blocks
==20573==   total heap usage: 31 allocs, 30 frees, 2,314 bytes allocated
==20573== 
==20573== 8 bytes in 1 blocks are still reachable in loss record 1 of 1
==20573==    at 0x483B7F3: malloc (in /usr/lib/x86_64-linux-gnu/valgrind/vgpreload_memcheck-amd64-linux.so)
==20573==    by 0x10A355: _tokenize (tokenize_input.c:31)
==20573==    by 0x109E0C: main (main.c:29)
==20573== 
==20573== LEAK SUMMARY:
==20573==    definitely lost: 0 bytes in 0 blocks
==20573==    indirectly lost: 0 bytes in 0 blocks
==20573==      possibly lost: 0 bytes in 0 blocks
==20573==    still reachable: 8 bytes in 1 blocks
==20573==         suppressed: 0 bytes in 0 blocks
==20573== 
==20573== For lists of detected and suppressed errors, rerun with: -s
==20573== ERROR SUMMARY: 1 errors from 1 contexts (suppressed: 0 from 0)
==20574== Syscall param access(pathname) points to unaddressable byte(s)
==20574==    at 0x496213B: access (access.c:27)
==20574==    by 0x109EC1: path_searching (path_searching.c:17)
==20574==    by 0x109359: _execute (_execute.c:31)
==20574==    by 0x109E2F: main (main.c:33)
==20574==  Address 0x0 is not stack'd, malloc'd or (recently) free'd
==20574== 
==20574== 
==20574== HEAP SUMMARY:
==20574==     in use at exit: 8 bytes in 1 blocks
==20574==   total heap usage: 34 allocs, 33 frees, 2,443 bytes allocated
==20574== 
==20574== 8 bytes in 1 blocks are still reachable in loss record 1 of 1
==20574==    at 0x483B7F3: malloc (in /usr/lib/x86_64-linux-gnu/valgrind/vgpreload_memcheck-amd64-linux.so)
==20574==    by 0x10A355: _tokenize (tokenize_input.c:31)
==20574==    by 0x109E0C: main (main.c:29)
==20574== 
==20574== LEAK SUMMARY:
==20574==    definitely lost: 0 bytes in 0 blocks
==20574==    indirectly lost: 0 bytes in 0 blocks
==20574==      possibly lost: 0 bytes in 0 blocks
==20574==    still reachable: 8 bytes in 1 blocks
==20574==         suppressed: 0 bytes in 0 blocks
==20574== 
==20574== For lists of detected and suppressed errors, rerun with: -s
==20574== ERROR SUMMARY: 1 errors from 1 contexts (suppressed: 0 from 0)
==20575== Syscall param access(pathname) points to unaddressable byte(s)
==20575==    at 0x496213B: access (access.c:27)
==20575==    by 0x109EC1: path_searching (path_searching.c:17)
==20575==    by 0x109359: _execute (_execute.c:31)
==20575==    by 0x109E2F: main (main.c:33)
==20575==  Address 0x0 is not stack'd, malloc'd or (recently) free'd
==20575== 
==20575== 
==20575== HEAP SUMMARY:
==20575==     in use at exit: 8 bytes in 1 blocks
==20575==   total heap usage: 37 allocs, 36 frees, 2,572 bytes allocated
==20575== 
==20575== 8 bytes in 1 blocks are still reachable in loss record 1 of 1
==20575==    at 0x483B7F3: malloc (in /usr/lib/x86_64-linux-gnu/valgrind/vgpreload_memcheck-amd64-linux.so)
==20575==    by 0x10A355: _tokenize (tokenize_input.c:31)
==20575==    by 0x109E0C: main (main.c:29)
==20575== 
==20575== LEAK SUMMARY:
==20575==    definitely lost: 0 bytes in 0 blocks
==20575==    indirectly lost: 0 bytes in 0 blocks
==20575==      possibly lost: 0 bytes in 0 blocks
==20575==    still reachable: 8 bytes in 1 blocks
==20575==         suppressed: 0 bytes in 0 blocks
==20575== 
==20575== For lists of detected and suppressed errors, rerun with: -s
==20575== ERROR SUMMARY: 1 errors from 1 contexts (suppressed: 0 from 0)
==20576== Syscall param access(pathname) points to unaddressable byte(s)
==20576==    at 0x496213B: access (access.c:27)
==20576==    by 0x109EC1: path_searching (path_searching.c:17)
==20576==    by 0x109359: _execute (_execute.c:31)
==20576==    by 0x109E2F: main (main.c:33)
==20576==  Address 0x0 is not stack'd, malloc'd or (recently) free'd
==20576== 
==20576== 
==20576== HEAP SUMMARY:
==20576==     in use at exit: 8 bytes in 1 blocks
==20576==   total heap usage: 40 allocs, 39 frees, 2,701 bytes allocated
==20576== 
==20576== 8 bytes in 1 blocks are still reachable in loss record 1 of 1
==20576==    at 0x483B7F3: malloc (in /usr/lib/x86_64-linux-gnu/valgrind/vgpreload_memcheck-amd64-linux.so)
==20576==    by 0x10A355: _tokenize (tokenize_input.c:31)
==20576==    by 0x109E0C: main (main.c:29)
==20576== 
==20576== LEAK SUMMARY:
==20576==    definitely lost: 0 bytes in 0 blocks
==20576==    indirectly lost: 0 bytes in 0 blocks
==20576==      possibly lost: 0 bytes in 0 blocks
==20576==    still reachable: 8 bytes in 1 blocks
==20576==         suppressed: 0 bytes in 0 blocks
==20576== 
==20576== For lists of detected and suppressed errors, rerun with: -s
==20576== ERROR SUMMARY: 1 errors from 1 contexts (suppressed: 0 from 0)
==20577== Syscall param access(pathname) points to unaddressable byte(s)
==20577==    at 0x496213B: access (access.c:27)
==20577==    by 0x109EC1: path_searching (path_searching.c:17)
==20577==    by 0x109359: _execute (_execute.c:31)
==20577==    by 0x109E2F: main (main.c:33)
==20577==  Address 0x0 is not stack'd, malloc'd or (recently) free'd
==20577== 
==20577== 
==20577== HEAP SUMMARY:
==20577==     in use at exit: 8 bytes in 1 blocks
==20577==   total heap usage: 43 allocs, 42 frees, 2,830 bytes allocated
==20577== 
==20577== 8 bytes in 1 blocks are still reachable in loss record 1 of 1
==20577==    at 0x483B7F3: malloc (in /usr/lib/x86_64-linux-gnu/valgrind/vgpreload_memcheck-amd64-linux.so)
==20577==    by 0x10A355: _tokenize (tokenize_input.c:31)
==20577==    by 0x109E0C: main (main.c:29)
==20577== 
==20577== LEAK SUMMARY:
==20577==    definitely lost: 0 bytes in 0 blocks
==20577==    indirectly lost: 0 bytes in 0 blocks
==20577==      possibly lost: 0 bytes in 0 blocks
==20577==    still reachable: 8 bytes in 1 blocks
==20577==         suppressed: 0 bytes in 0 blocks
==20577== 
==20577== For lists of detected and suppressed errors, rerun with: -s
==20577== ERROR SUMMARY: 1 errors from 1 contexts (suppressed: 0 from 0)
==20563== 
==20563== Process terminating with default action of signal 2 (SIGINT)
==20563==    at 0x4961FD2: read (read.c:26)
==20563==    by 0x48E4B9E: _IO_file_underflow@@GLIBC_2.2.5 (fileops.c:517)
==20563==    by 0x48D7717: getdelim (iogetdelim.c:73)
==20563==    by 0x10A08A: _read_input (read_input.c:26)
==20563==    by 0x109DE4: main (main.c:22)
==20563== 
==20563== HEAP SUMMARY:
==20563==     in use at exit: 120 bytes in 1 blocks
==20563==   total heap usage: 44 allocs, 43 frees, 2,950 bytes allocated
==20563== 
==20563== 120 bytes in 1 blocks are still reachable in loss record 1 of 1
==20563==    at 0x483B7F3: malloc (in /usr/lib/x86_64-linux-gnu/valgrind/vgpreload_memcheck-amd64-linux.so)
==20563==    by 0x48D7543: getdelim (iogetdelim.c:62)
==20563==    by 0x10A08A: _read_input (read_input.c:26)
==20563==    by 0x109DE4: main (main.c:22)
==20563== 
==20563== LEAK SUMMARY:
==20563==    definitely lost: 0 bytes in 0 blocks
==20563==    indirectly lost: 0 bytes in 0 blocks
==20563==      possibly lost: 0 bytes in 0 blocks
==20563==    still reachable: 120 bytes in 1 blocks
==20563==         suppressed: 0 bytes in 0 blocks
==20563== 
==20563== For lists of detected and suppressed errors, rerun with: -s
==20563== ERROR SUMMARY: 0 errors from 0 contexts (suppressed: 0 from 0)
